<?xml version="1.0" encoding="UTF-8"?>
<!-- Generated by org.testng.reporters.JUnitReportReporter -->
<testsuite hostname="Husains-MacBook-Pro.local" failures="0" tests="1" name="testngpkg.Paydoshops" time="16.428" errors="0" timestamp="2024-05-24T17:09:06 GST" skipped="0">
  <testcase classname="testngpkg.Paydoshops" name="shop" time="16.428"/>
  <system-out/>
</testsuite> <!-- testngpkg.Paydoshops -->
