<?xml version="1.0" encoding="UTF-8"?>
<!-- Generated by org.testng.reporters.JUnitReportReporter -->
<testsuite hostname="Husains-MacBook-Pro.local" failures="0" tests="1" name="testngpkg.Repairmycar_Testcases" time="19.681" errors="0" timestamp="2024-06-03T17:36:06 GST" skipped="0">
  <testcase classname="testngpkg.Repairmycar_Testcases" name="testSearchFunctionality" time="19.681"/>
  <system-out/>
</testsuite> <!-- testngpkg.Repairmycar_Testcases -->
