<?xml version="1.0" encoding="UTF-8"?>
<!-- Generated by org.testng.reporters.JUnitReportReporter -->
<testsuite hostname="Husains-MacBook-Pro.local" failures="0" tests="2" name="testngpkg.Paydoshopsanchorback" time="27.364" errors="0" timestamp="2024-06-04T12:22:03 GST" skipped="0">
  <testcase classname="testngpkg.Paydoshopsanchorback" name="testBackToTopButtonPresence" time="16.656"/>
  <system-out/>
  <testcase classname="testngpkg.Paydoshopsanchorback" name="testBackToTopButtonFunctionality" time="10.708"/>
  <system-out/>
</testsuite> <!-- testngpkg.Paydoshopsanchorback -->
